<?xml version="1.0" encoding="UTF-8"?>
<testsuite xmlns:xsi="http://www.w3.org/2001/XMLSchema-instance" xsi:noNamespaceSchemaLocation="https://maven.apache.org/surefire/maven-surefire-plugin/xsd/surefire-test-report-3.0.xsd" version="3.0" name="com.example.project.PostTest" time="0.18" tests="18" errors="0" skipped="0" failures="0">
  <properties>
[...]
</properties>
  <testcase name="testAddPostInvalidBody" classname="com.example.project.PostTest" time="0.03">
    <system-out><![CDATA[Post body length validation failed for 'Very Difficult' or 'Difficult'.
Validation failed: Invalid post body.

]]></system-out>
  </testcase>
  <testcase name="testAddPostInvalidTags" classname="com.example.project.PostTest" time="0.002">
    <system-out><![CDATA[Post tag validation failed for tag: JAVA
Validation failed: Invalid post tags.

]]></system-out>
  </testcase>
  <testcase name="testAddCommentInvalidLengthLong" classname="com.example.project.PostTest" time="0.002">
    <system-out><![CDATA[Post body length validation failed for 'Very Difficult' or 'Difficult'.
Validation failed: Invalid post body.

Comment word count validation failed.
]]></system-out>
  </testcase>
  <testcase name="testAddPostValidTitle" classname="com.example.project.PostTest" time="0.003">
    <system-out><![CDATA[Post ID: 1 - Post added successfully.
]]></system-out>
  </testcase>
  <testcase name="testAddCommentInvalidLowercase" classname="com.example.project.PostTest" time="0.002">
    <system-out><![CDATA[Post ID: 12 - Post added successfully.
Comment first word uppercase validation failed.
]]></system-out>
  </testcase>
  <testcase name="ValidPostBodyPostDifficulty" classname="com.example.project.PostTest" time="0.01">
    <system-out><![CDATA[Post ID: 6 - Post added successfully.
]]></system-out>
  </testcase>
  <testcase name="testAddPostInvalidTitle" classname="com.example.project.PostTest" time="0.003">
    <system-out><![CDATA[Post title length validation failed.
Validation failed: Invalid post title.

]]></system-out>
  </testcase>
  <testcase name="testAddCommentInvalidNumberOfComments" classname="com.example.project.PostTest" time="0.006">
    <system-out><![CDATA[Post body length validation failed for 'Very Difficult' or 'Difficult'.
Validation failed: Invalid post body.

Post ID: 10 - New comment created successfully
Post ID: 10 - New comment created successfully
Post ID: 10 - New comment created successfully
Post ID: 10 - New comment created successfully
Post ID: 10 - New comment created successfully
Too many comments - validation failed.
]]></system-out>
  </testcase>
  <testcase name="testAddPostValidTypeEmergency" classname="com.example.project.PostTest" time="0.005">
    <system-out><![CDATA[Post ID: 4 - Post added successfully.
]]></system-out>
  </testcase>
  <testcase name="testAddPostInvalidTitle2" classname="com.example.project.PostTest" time="0.001">
    <system-out><![CDATA[Post title length validation failed.
Validation failed: Invalid post title.

]]></system-out>
  </testcase>
  <testcase name="testAddPostValidBody" classname="com.example.project.PostTest" time="0.004">
    <system-out><![CDATA[Post ID: 3 - Post added successfully.
]]></system-out>
  </testcase>
  <testcase name="testAddPostValidTags" classname="com.example.project.PostTest" time="0.004">
    <system-out><![CDATA[Post ID: 2 - Post added successfully.
]]></system-out>
  </testcase>
  <testcase name="testAddCommentInvalidLengthShort" classname="com.example.project.PostTest" time="0.004">
    <system-out><![CDATA[Post body length validation failed for 'Very Difficult' or 'Difficult'.
Validation failed: Invalid post body.

Comment word count validation failed.
]]></system-out>
  </testcase>
  <testcase name="InvalidPostBodyPostDifficulty" classname="com.example.project.PostTest" time="0.001">
    <system-out><![CDATA[Post body length validation failed for 'Very Difficult' or 'Difficult'.
Validation failed: Invalid post body.

]]></system-out>
  </testcase>
  <testcase name="testAddPostValidTitle2" classname="com.example.project.PostTest" time="0.004">
    <system-out><![CDATA[Post ID: 5 - Post added successfully.
]]></system-out>
  </testcase>
  <testcase name="testAddCommentValidLength" classname="com.example.project.PostTest" time="0.005">
    <system-out><![CDATA[Post body length validation failed for 'Very Difficult' or 'Difficult'.
Validation failed: Invalid post body.

Post ID: 9 - New comment created successfully
]]></system-out>
  </testcase>
  <testcase name="testAddCommentInvalidNumberOfComments2" classname="com.example.project.PostTest" time="0.008">
    <system-out><![CDATA[Post ID: 11 - Post added successfully.
Post ID: 11 - New comment created successfully
Post ID: 11 - New comment created successfully
Post ID: 11 - New comment created successfully
Too many comments - validation failed.
]]></system-out>
  </testcase>
  <testcase name="testAddPostInvalidTypeEmergency" classname="com.example.project.PostTest" time="0.006">
    <system-out><![CDATA['Easy' post cannot have 'Immediately Needed' or 'Highly Needed' status.
Validation failed: Invalid post type or emergency.

]]></system-out>
  </testcase>
</testsuite>